<?xml version="1.0" encoding="UTF-8"?>
<!-- Generated by org.testng.reporters.JUnitXMLReporter -->
<testsuite ignored="0" hostname="DESKTOP-GI358GT" failures="0" tests="2" name="Test-3" time="23.871" errors="0" timestamp="2025-07-08T11:28:24 IST">
  <testcase classname="com.bank.blms.lockerTypeTest.LockerTypeTest" name="createLockerType" time="5.613"/>
  <testcase classname="com.bank.blms.lockerTypeTest.LockerTypeTest" name="deleteLockerType" time="4.538"/>
</testsuite> <!-- Test-3 -->
