<?xml version="1.0" encoding="UTF-8"?>
<!-- Generated by org.testng.reporters.JUnitReportReporter -->
<testsuite hostname="DESKTOP-GI358GT" failures="0" tests="1" name="com.bank.blms.subBankerTest.SubBankerTest" time="5.724" errors="0" timestamp="2025-07-09T14:26:38 IST" skipped="0">
  <testcase classname="com.bank.blms.subBankerTest.SubBankerTest" name="createSubBanker" time="5.724"/>
  <system-out/>
</testsuite> <!-- com.bank.blms.subBankerTest.SubBankerTest -->
