<?xml version="1.0" encoding="UTF-8"?>
<!-- Generated by org.testng.reporters.JUnitReportReporter -->
<testsuite hostname="DESKTOP-GI358GT" failures="0" tests="1" name="SubBanker_Module.CreateSubBanckerTest" time="4.866" errors="0" timestamp="2025-07-08T10:14:21 IST" skipped="0">
  <testcase classname="SubBanker_Module.CreateSubBanckerTest" name="createSubBanker" time="4.866"/>
  <system-out/>
</testsuite> <!-- SubBanker_Module.CreateSubBanckerTest -->
