<?xml version="1.0" encoding="UTF-8"?>
<!-- Generated by org.testng.reporters.JUnitReportReporter -->
<testsuite hostname="DESKTOP-GI358GT" failures="0" tests="2" name="com.bank.blms.lockerTypeTest.LockerTypeTest" time="42.660" errors="0" timestamp="2025-07-09T23:41:22 IST" skipped="0">
  <testcase classname="com.bank.blms.lockerTypeTest.LockerTypeTest" name="createLockerType" time="5.293"/>
  <system-out/>
  <testcase classname="com.bank.blms.lockerTypeTest.LockerTypeTest" name="deleteLockerType" time="37.367"/>
  <system-out/>
</testsuite> <!-- com.bank.blms.lockerTypeTest.LockerTypeTest -->
