<?xml version="1.0" encoding="UTF-8"?>
<!-- Generated by org.testng.reporters.JUnitReportReporter -->
<testsuite hostname="DESKTOP-GI358GT" failures="0" tests="1" name="com.bank.blms.lockerTypeTest.LockerTypeTest" time="8.674" errors="0" timestamp="2025-07-09T23:32:36 IST" skipped="0">
  <testcase classname="com.bank.blms.lockerTypeTest.LockerTypeTest" name="createLockerType" time="8.674"/>
  <system-out/>
</testsuite> <!-- com.bank.blms.lockerTypeTest.LockerTypeTest -->
