<?xml version="1.0" encoding="UTF-8"?>
<!-- Generated by org.testng.reporters.JUnitReportReporter -->
<testsuite hostname="DESKTOP-GI358GT" failures="0" tests="1" name="AssignLocker.DeleteAssigedLockerTest" time="88.844" errors="0" timestamp="2025-07-07T23:04:36 IST" skipped="0">
  <testcase classname="AssignLocker.DeleteAssigedLockerTest" name="deleteAssignedLocker" time="88.844"/>
  <system-out/>
</testsuite> <!-- AssignLocker.DeleteAssigedLockerTest -->
