<?xml version="1.0" encoding="UTF-8"?>
<!-- Generated by org.testng.reporters.JUnitReportReporter -->
<testsuite hostname="DESKTOP-GI358GT" failures="0" tests="2" name="com.bank.blms.subBankerTest.SubBankerTest" time="21.423" errors="0" timestamp="2025-07-09T23:41:22 IST" skipped="0">
  <testcase classname="com.bank.blms.subBankerTest.SubBankerTest" name="deleteSubBanker" time="15.601"/>
  <system-out/>
  <testcase classname="com.bank.blms.subBankerTest.SubBankerTest" name="createSubBanker" time="5.822"/>
  <system-out/>
</testsuite> <!-- com.bank.blms.subBankerTest.SubBankerTest -->
