<?xml version="1.0" encoding="UTF-8"?>
<!-- Generated by org.testng.reporters.JUnitReportReporter -->
<testsuite hostname="DESKTOP-GI358GT" failures="0" tests="1" name="LockerType_Module.DeleteLockerTypeTest" time="16.161" errors="0" timestamp="2025-07-07T23:15:54 IST" skipped="0">
  <testcase classname="LockerType_Module.DeleteLockerTypeTest" name="deleteLockerType" time="16.161"/>
  <system-out/>
</testsuite> <!-- LockerType_Module.DeleteLockerTypeTest -->
