<?xml version="1.0" encoding="UTF-8"?>
<!-- Generated by org.testng.reporters.JUnitReportReporter -->
<testsuite hostname="DESKTOP-GI358GT" failures="0" tests="1" name="SubBanker_Module.DeleteSubBankerTest" time="7.151" errors="0" timestamp="2025-07-08T10:10:47 IST" skipped="0">
  <testcase classname="SubBanker_Module.DeleteSubBankerTest" name="deleteSubBanker" time="7.151"/>
  <system-out/>
</testsuite> <!-- SubBanker_Module.DeleteSubBankerTest -->
