<?xml version="1.0" encoding="UTF-8"?>
<!-- Generated by org.testng.reporters.JUnitReportReporter -->
<testsuite hostname="DESKTOP-GI358GT" failures="0" tests="1" name="com.bank.blms.assinLockerTest.AssignLockerTest" time="7.009" errors="0" timestamp="2025-07-09T14:26:38 IST" skipped="0">
  <testcase classname="com.bank.blms.assinLockerTest.AssignLockerTest" name="assignLocker" time="7.009"/>
  <system-out/>
</testsuite> <!-- com.bank.blms.assinLockerTest.AssignLockerTest -->
