<?xml version="1.0" encoding="UTF-8"?>
<!-- Generated by org.testng.reporters.JUnitReportReporter -->
<testsuite hostname="DESKTOP-GI358GT" failures="0" tests="1" name="LockerType_Module.CreateLockerTypeTest" time="11.551" errors="0" timestamp="2025-07-07T23:06:59 IST" skipped="0">
  <testcase classname="LockerType_Module.CreateLockerTypeTest" name="createLockerType" time="11.551"/>
  <system-out/>
</testsuite> <!-- LockerType_Module.CreateLockerTypeTest -->
