<?xml version="1.0" encoding="UTF-8"?>
<!-- Generated by org.testng.reporters.JUnitReportReporter -->
<testsuite hostname="DESKTOP-GI358GT" failures="0" tests="1" name="com.bank.blms.assinLockerTest.AssignLockerTest" time="10.728" errors="0" timestamp="2025-07-09T18:00:35 IST" skipped="0">
  <testcase classname="com.bank.blms.assinLockerTest.AssignLockerTest" name="assignLocker" time="10.728"/>
  <system-out/>
</testsuite> <!-- com.bank.blms.assinLockerTest.AssignLockerTest -->
