<?xml version="1.0" encoding="UTF-8"?>
<!-- Generated by org.testng.reporters.JUnitReportReporter -->
<testsuite hostname="DESKTOP-GI358GT" failures="0" tests="1" name="com.bank.blms.subBankerTest.SubBankerTest" time="7.897" errors="0" timestamp="2025-07-09T18:00:35 IST" skipped="0">
  <testcase classname="com.bank.blms.subBankerTest.SubBankerTest" name="createSubBanker" time="7.897"/>
  <system-out/>
</testsuite> <!-- com.bank.blms.subBankerTest.SubBankerTest -->
