<?xml version="1.0" encoding="UTF-8"?>
<!-- Generated by org.testng.reporters.JUnitReportReporter -->
<testsuite hostname="DESKTOP-GI358GT" failures="0" tests="1" name="AssignLocker.AssignLockerTest" time="13.371" errors="0" timestamp="2025-07-07T22:45:57 IST" skipped="0">
  <testcase classname="AssignLocker.AssignLockerTest" name="assignLocker" time="13.371"/>
  <system-out/>
</testsuite> <!-- AssignLocker.AssignLockerTest -->
